2012-03-06 08:32:16,639 [main]           INFO  (btadmin.UnadvertiseTest  :35  ) - UnadvertiseTest::setUp
2012-03-06 08:32:16,666 [main]           DEBUG (conf.XMLParser           :140 ) - Configfile not loaded yet: /home/tom/projects/blacktie/btadmin/target/test-classes/btconfig.xml
2012-03-06 08:32:16,672 [main]           DEBUG (conf.XMLParser           :62  ) - Creating the parser: btconfig.xsd
2012-03-06 08:32:16,672 [main]           DEBUG (conf.XMLParser           :66  ) - SCHEMA DIR: /home/tom/projects/blacktie/trunk/blacktie-xsd/src/main/xsd
2012-03-06 08:32:16,739 [main]           ERROR (conf.XMLParser           :98  ) - Could not parse configuration: Could not load the schema: /home/tom/projects/blacktie/trunk/blacktie-xsd/src/main/xsd/btconfig.xsd
org.jboss.narayana.blacktie.jatmibroker.core.conf.ConfigurationException: Could not load the schema: /home/tom/projects/blacktie/trunk/blacktie-xsd/src/main/xsd/btconfig.xsd
	at org.jboss.narayana.blacktie.jatmibroker.core.conf.XMLParser.<init>(XMLParser.java:85)
	at org.jboss.narayana.blacktie.jatmibroker.core.conf.XMLParser.loadProperties(XMLParser.java:141)
	at org.jboss.narayana.blacktie.btadmin.CommandHandler.<init>(CommandHandler.java:60)
	at org.jboss.narayana.blacktie.btadmin.UnadvertiseTest.setUp(UnadvertiseTest.java:36)
	at junit.framework.TestCase.runBare(TestCase.java:125)
	at junit.framework.TestResult$1.protect(TestResult.java:106)
	at junit.framework.TestResult.runProtected(TestResult.java:124)
	at junit.framework.TestResult.run(TestResult.java:109)
	at junit.framework.TestCase.run(TestCase.java:118)
	at junit.framework.TestSuite.runTest(TestSuite.java:208)
	at junit.framework.TestSuite.run(TestSuite.java:203)
	at org.eclipse.jdt.internal.junit.runner.junit3.JUnit3TestReference.run(JUnit3TestReference.java:130)
	at org.eclipse.jdt.internal.junit.runner.TestExecution.run(TestExecution.java:38)
	at org.eclipse.jdt.internal.junit.runner.RemoteTestRunner.runTests(RemoteTestRunner.java:467)
	at org.eclipse.jdt.internal.junit.runner.RemoteTestRunner.runTests(RemoteTestRunner.java:683)
	at org.eclipse.jdt.internal.junit.runner.RemoteTestRunner.run(RemoteTestRunner.java:390)
	at org.eclipse.jdt.internal.junit.runner.RemoteTestRunner.main(RemoteTestRunner.java:197)
2012-03-06 08:32:16,743 [main]           INFO  (btadmin.UnadvertiseTest  :35  ) - UnadvertiseTest::setUp
2012-03-06 08:32:16,743 [main]           DEBUG (conf.XMLParser           :140 ) - Configfile not loaded yet: /home/tom/projects/blacktie/btadmin/target/test-classes/btconfig.xml
2012-03-06 08:32:16,744 [main]           DEBUG (conf.XMLParser           :62  ) - Creating the parser: btconfig.xsd
2012-03-06 08:32:16,744 [main]           DEBUG (conf.XMLParser           :66  ) - SCHEMA DIR: /home/tom/projects/blacktie/trunk/blacktie-xsd/src/main/xsd
2012-03-06 08:32:16,746 [main]           ERROR (conf.XMLParser           :98  ) - Could not parse configuration: Could not load the schema: /home/tom/projects/blacktie/trunk/blacktie-xsd/src/main/xsd/btconfig.xsd
org.jboss.narayana.blacktie.jatmibroker.core.conf.ConfigurationException: Could not load the schema: /home/tom/projects/blacktie/trunk/blacktie-xsd/src/main/xsd/btconfig.xsd
	at org.jboss.narayana.blacktie.jatmibroker.core.conf.XMLParser.<init>(XMLParser.java:85)
	at org.jboss.narayana.blacktie.jatmibroker.core.conf.XMLParser.loadProperties(XMLParser.java:141)
	at org.jboss.narayana.blacktie.btadmin.CommandHandler.<init>(CommandHandler.java:60)
	at org.jboss.narayana.blacktie.btadmin.UnadvertiseTest.setUp(UnadvertiseTest.java:36)
	at junit.framework.TestCase.runBare(TestCase.java:125)
	at junit.framework.TestResult$1.protect(TestResult.java:106)
	at junit.framework.TestResult.runProtected(TestResult.java:124)
	at junit.framework.TestResult.run(TestResult.java:109)
	at junit.framework.TestCase.run(TestCase.java:118)
	at junit.framework.TestSuite.runTest(TestSuite.java:208)
	at junit.framework.TestSuite.run(TestSuite.java:203)
	at org.eclipse.jdt.internal.junit.runner.junit3.JUnit3TestReference.run(JUnit3TestReference.java:130)
	at org.eclipse.jdt.internal.junit.runner.TestExecution.run(TestExecution.java:38)
	at org.eclipse.jdt.internal.junit.runner.RemoteTestRunner.runTests(RemoteTestRunner.java:467)
	at org.eclipse.jdt.internal.junit.runner.RemoteTestRunner.runTests(RemoteTestRunner.java:683)
	at org.eclipse.jdt.internal.junit.runner.RemoteTestRunner.run(RemoteTestRunner.java:390)
	at org.eclipse.jdt.internal.junit.runner.RemoteTestRunner.main(RemoteTestRunner.java:197)
2012-03-06 08:32:16,748 [main]           INFO  (btadmin.UnadvertiseTest  :35  ) - UnadvertiseTest::setUp
2012-03-06 08:32:16,749 [main]           DEBUG (conf.XMLParser           :140 ) - Configfile not loaded yet: /home/tom/projects/blacktie/btadmin/target/test-classes/btconfig.xml
2012-03-06 08:32:16,749 [main]           DEBUG (conf.XMLParser           :62  ) - Creating the parser: btconfig.xsd
2012-03-06 08:32:16,749 [main]           DEBUG (conf.XMLParser           :66  ) - SCHEMA DIR: /home/tom/projects/blacktie/trunk/blacktie-xsd/src/main/xsd
2012-03-06 08:32:16,753 [main]           ERROR (conf.XMLParser           :98  ) - Could not parse configuration: Could not load the schema: /home/tom/projects/blacktie/trunk/blacktie-xsd/src/main/xsd/btconfig.xsd
org.jboss.narayana.blacktie.jatmibroker.core.conf.ConfigurationException: Could not load the schema: /home/tom/projects/blacktie/trunk/blacktie-xsd/src/main/xsd/btconfig.xsd
	at org.jboss.narayana.blacktie.jatmibroker.core.conf.XMLParser.<init>(XMLParser.java:85)
	at org.jboss.narayana.blacktie.jatmibroker.core.conf.XMLParser.loadProperties(XMLParser.java:141)
	at org.jboss.narayana.blacktie.btadmin.CommandHandler.<init>(CommandHandler.java:60)
	at org.jboss.narayana.blacktie.btadmin.UnadvertiseTest.setUp(UnadvertiseTest.java:36)
	at junit.framework.TestCase.runBare(TestCase.java:125)
	at junit.framework.TestResult$1.protect(TestResult.java:106)
	at junit.framework.TestResult.runProtected(TestResult.java:124)
	at junit.framework.TestResult.run(TestResult.java:109)
	at junit.framework.TestCase.run(TestCase.java:118)
	at junit.framework.TestSuite.runTest(TestSuite.java:208)
	at junit.framework.TestSuite.run(TestSuite.java:203)
	at org.eclipse.jdt.internal.junit.runner.junit3.JUnit3TestReference.run(JUnit3TestReference.java:130)
	at org.eclipse.jdt.internal.junit.runner.TestExecution.run(TestExecution.java:38)
	at org.eclipse.jdt.internal.junit.runner.RemoteTestRunner.runTests(RemoteTestRunner.java:467)
	at org.eclipse.jdt.internal.junit.runner.RemoteTestRunner.runTests(RemoteTestRunner.java:683)
	at org.eclipse.jdt.internal.junit.runner.RemoteTestRunner.run(RemoteTestRunner.java:390)
	at org.eclipse.jdt.internal.junit.runner.RemoteTestRunner.main(RemoteTestRunner.java:197)
2012-03-06 08:32:16,756 [main]           INFO  (btadmin.UnadvertiseTest  :35  ) - UnadvertiseTest::setUp
2012-03-06 08:32:16,759 [main]           DEBUG (conf.XMLParser           :140 ) - Configfile not loaded yet: /home/tom/projects/blacktie/btadmin/target/test-classes/btconfig.xml
2012-03-06 08:32:16,759 [main]           DEBUG (conf.XMLParser           :62  ) - Creating the parser: btconfig.xsd
2012-03-06 08:32:16,759 [main]           DEBUG (conf.XMLParser           :66  ) - SCHEMA DIR: /home/tom/projects/blacktie/trunk/blacktie-xsd/src/main/xsd
2012-03-06 08:32:16,763 [main]           ERROR (conf.XMLParser           :98  ) - Could not parse configuration: Could not load the schema: /home/tom/projects/blacktie/trunk/blacktie-xsd/src/main/xsd/btconfig.xsd
org.jboss.narayana.blacktie.jatmibroker.core.conf.ConfigurationException: Could not load the schema: /home/tom/projects/blacktie/trunk/blacktie-xsd/src/main/xsd/btconfig.xsd
	at org.jboss.narayana.blacktie.jatmibroker.core.conf.XMLParser.<init>(XMLParser.java:85)
	at org.jboss.narayana.blacktie.jatmibroker.core.conf.XMLParser.loadProperties(XMLParser.java:141)
	at org.jboss.narayana.blacktie.btadmin.CommandHandler.<init>(CommandHandler.java:60)
	at org.jboss.narayana.blacktie.btadmin.UnadvertiseTest.setUp(UnadvertiseTest.java:36)
	at junit.framework.TestCase.runBare(TestCase.java:125)
	at junit.framework.TestResult$1.protect(TestResult.java:106)
	at junit.framework.TestResult.runProtected(TestResult.java:124)
	at junit.framework.TestResult.run(TestResult.java:109)
	at junit.framework.TestCase.run(TestCase.java:118)
	at junit.framework.TestSuite.runTest(TestSuite.java:208)
	at junit.framework.TestSuite.run(TestSuite.java:203)
	at org.eclipse.jdt.internal.junit.runner.junit3.JUnit3TestReference.run(JUnit3TestReference.java:130)
	at org.eclipse.jdt.internal.junit.runner.TestExecution.run(TestExecution.java:38)
	at org.eclipse.jdt.internal.junit.runner.RemoteTestRunner.runTests(RemoteTestRunner.java:467)
	at org.eclipse.jdt.internal.junit.runner.RemoteTestRunner.runTests(RemoteTestRunner.java:683)
	at org.eclipse.jdt.internal.junit.runner.RemoteTestRunner.run(RemoteTestRunner.java:390)
	at org.eclipse.jdt.internal.junit.runner.RemoteTestRunner.main(RemoteTestRunner.java:197)
2012-03-06 08:32:16,766 [main]           INFO  (btadmin.UnadvertiseTest  :35  ) - UnadvertiseTest::setUp
2012-03-06 08:32:16,767 [main]           DEBUG (conf.XMLParser           :140 ) - Configfile not loaded yet: /home/tom/projects/blacktie/btadmin/target/test-classes/btconfig.xml
2012-03-06 08:32:16,767 [main]           DEBUG (conf.XMLParser           :62  ) - Creating the parser: btconfig.xsd
2012-03-06 08:32:16,767 [main]           DEBUG (conf.XMLParser           :66  ) - SCHEMA DIR: /home/tom/projects/blacktie/trunk/blacktie-xsd/src/main/xsd
2012-03-06 08:32:16,770 [main]           ERROR (conf.XMLParser           :98  ) - Could not parse configuration: Could not load the schema: /home/tom/projects/blacktie/trunk/blacktie-xsd/src/main/xsd/btconfig.xsd
org.jboss.narayana.blacktie.jatmibroker.core.conf.ConfigurationException: Could not load the schema: /home/tom/projects/blacktie/trunk/blacktie-xsd/src/main/xsd/btconfig.xsd
	at org.jboss.narayana.blacktie.jatmibroker.core.conf.XMLParser.<init>(XMLParser.java:85)
	at org.jboss.narayana.blacktie.jatmibroker.core.conf.XMLParser.loadProperties(XMLParser.java:141)
	at org.jboss.narayana.blacktie.btadmin.CommandHandler.<init>(CommandHandler.java:60)
	at org.jboss.narayana.blacktie.btadmin.UnadvertiseTest.setUp(UnadvertiseTest.java:36)
	at junit.framework.TestCase.runBare(TestCase.java:125)
	at junit.framework.TestResult$1.protect(TestResult.java:106)
	at junit.framework.TestResult.runProtected(TestResult.java:124)
	at junit.framework.TestResult.run(TestResult.java:109)
	at junit.framework.TestCase.run(TestCase.java:118)
	at junit.framework.TestSuite.runTest(TestSuite.java:208)
	at junit.framework.TestSuite.run(TestSuite.java:203)
	at org.eclipse.jdt.internal.junit.runner.junit3.JUnit3TestReference.run(JUnit3TestReference.java:130)
	at org.eclipse.jdt.internal.junit.runner.TestExecution.run(TestExecution.java:38)
	at org.eclipse.jdt.internal.junit.runner.RemoteTestRunner.runTests(RemoteTestRunner.java:467)
	at org.eclipse.jdt.internal.junit.runner.RemoteTestRunner.runTests(RemoteTestRunner.java:683)
	at org.eclipse.jdt.internal.junit.runner.RemoteTestRunner.run(RemoteTestRunner.java:390)
	at org.eclipse.jdt.internal.junit.runner.RemoteTestRunner.main(RemoteTestRunner.java:197)
2012-03-06 08:32:57,990 [main]           INFO  (btadmin.UnadvertiseTest  :35  ) - UnadvertiseTest::setUp
2012-03-06 08:32:58,010 [main]           DEBUG (conf.XMLParser           :140 ) - Configfile not loaded yet: /home/tom/projects/blacktie/btadmin/target/test-classes/btconfig.xml
2012-03-06 08:32:58,018 [main]           DEBUG (conf.XMLParser           :62  ) - Creating the parser: btconfig.xsd
2012-03-06 08:32:58,018 [main]           DEBUG (conf.XMLParser           :66  ) - SCHEMA DIR: /home/tom/projects/blacktie/blacktie-xsd/src/main/xsd
2012-03-06 08:32:58,267 [main]           DEBUG (conf.XMLParser           :106 ) - read btconfig.xml configuration from null directory
2012-03-06 08:32:58,303 [main]           DEBUG (conf.XMLEnvHandler       :332 ) - blacktie.orb.arg.1 is -ORBInitRef
2012-03-06 08:32:58,303 [main]           DEBUG (conf.XMLEnvHandler       :332 ) - blacktie.orb.arg.2 is NameService=corbaloc::tomsfc16:3528/NameService
2012-03-06 08:32:58,303 [main]           DEBUG (conf.XMLEnvHandler       :337 ) - blacktie.orb.args is 2
2012-03-06 08:32:58,313 [main]           DEBUG (btadmin.CommandHandler   :139 ) - Command was known
2012-03-06 08:32:58,313 [main]           DEBUG (commands.Startup         :74  ) - Listing machines for: testsui
2012-03-06 08:32:58,315 [main]           INFO  (conf.Server              :51  ) - Checking for host: tomsfc16 or ip: 127.0.0.1
2012-03-06 08:32:58,315 [main]           DEBUG (conf.Server              :55  ) - Checking against: albany or ip: null
2012-03-06 08:32:58,315 [main]           DEBUG (conf.Server              :55  ) - Checking against: albany or ip: null
2012-03-06 08:32:58,315 [main]           DEBUG (conf.Server              :55  ) - Checking against: null or ip: 127.0.0.1
2012-03-06 08:32:58,315 [main]           DEBUG (conf.Server              :55  ) - Checking against: null or ip: 127.0.0.1
2012-03-06 08:32:58,315 [main]           DEBUG (conf.Server              :55  ) - Checking against: beacon or ip: null
2012-03-06 08:32:58,317 [main]           DEBUG (conf.Server              :55  ) - Checking against: beacon or ip: null
2012-03-06 08:32:58,317 [main]           DEBUG (conf.Server              :55  ) - Checking against: catskill or ip: null
2012-03-06 08:32:58,317 [main]           DEBUG (conf.Server              :55  ) - Checking against: catskill or ip: null
2012-03-06 08:32:58,317 [main]           DEBUG (conf.Server              :55  ) - Checking against: winxp08 or ip: null
2012-03-06 08:32:58,317 [main]           DEBUG (conf.Server              :55  ) - Checking against: winxp08 or ip: null
2012-03-06 08:32:58,317 [main]           DEBUG (conf.Server              :55  ) - Checking against: tarrytown or ip: null
2012-03-06 08:32:58,317 [main]           DEBUG (conf.Server              :55  ) - Checking against: tarrytown or ip: null
2012-03-06 08:32:58,317 [main]           DEBUG (conf.Server              :55  ) - Checking against: sol2 or ip: null
2012-03-06 08:32:58,318 [main]           DEBUG (conf.Server              :55  ) - Checking against: sol2 or ip: null
2012-03-06 08:32:58,318 [main]           DEBUG (conf.Server              :55  ) - Checking against: clance or ip: null
2012-03-06 08:32:58,318 [main]           DEBUG (conf.Server              :55  ) - Checking against: clance or ip: null
2012-03-06 08:32:58,318 [main]           DEBUG (conf.Server              :55  ) - Checking against: hoboken.buildnet.ncl.jboss.com or ip: null
2012-03-06 08:32:58,318 [main]           DEBUG (conf.Server              :55  ) - Checking against: hoboken.buildnet.ncl.jboss.com or ip: null
2012-03-06 08:32:58,318 [main]           DEBUG (conf.Server              :55  ) - Checking against: tenafly.buildnet.ncl.jboss.com or ip: null
2012-03-06 08:32:58,318 [main]           DEBUG (conf.Server              :55  ) - Checking against: tenafly.buildnet.ncl.jboss.com or ip: null
2012-03-06 08:32:58,318 [main]           DEBUG (conf.Server              :55  ) - Checking against: tom-2cfd36gb7up or ip: null
2012-03-06 08:32:58,318 [main]           DEBUG (conf.Server              :55  ) - Checking against: tom-2cfd36gb7up or ip: null
2012-03-06 08:32:58,318 [main]           DEBUG (commands.Startup         :88  ) - Found machine
2012-03-06 08:32:58,329 [main]           ERROR (commands.Startup         :124 ) - Could not launch the server
java.io.IOException: Cannot run program "../cs" (in directory "."): java.io.IOException: error=2, No such file or directory
	at java.lang.ProcessBuilder.start(ProcessBuilder.java:475)
	at java.lang.Runtime.exec(Runtime.java:610)
	at org.jboss.narayana.blacktie.btadmin.commands.Startup.invoke(Startup.java:102)
	at org.jboss.narayana.blacktie.btadmin.CommandHandler.handleCommand(CommandHandler.java:112)
	at org.jboss.narayana.blacktie.btadmin.UnadvertiseTest.setUp(UnadvertiseTest.java:38)
	at junit.framework.TestCase.runBare(TestCase.java:125)
	at junit.framework.TestResult$1.protect(TestResult.java:106)
	at junit.framework.TestResult.runProtected(TestResult.java:124)
	at junit.framework.TestResult.run(TestResult.java:109)
	at junit.framework.TestCase.run(TestCase.java:118)
	at junit.framework.TestSuite.runTest(TestSuite.java:208)
	at junit.framework.TestSuite.run(TestSuite.java:203)
	at org.eclipse.jdt.internal.junit.runner.junit3.JUnit3TestReference.run(JUnit3TestReference.java:130)
	at org.eclipse.jdt.internal.junit.runner.TestExecution.run(TestExecution.java:38)
	at org.eclipse.jdt.internal.junit.runner.RemoteTestRunner.runTests(RemoteTestRunner.java:467)
	at org.eclipse.jdt.internal.junit.runner.RemoteTestRunner.runTests(RemoteTestRunner.java:683)
	at org.eclipse.jdt.internal.junit.runner.RemoteTestRunner.run(RemoteTestRunner.java:390)
	at org.eclipse.jdt.internal.junit.runner.RemoteTestRunner.main(RemoteTestRunner.java:197)
Caused by: java.io.IOException: java.io.IOException: error=2, No such file or directory
	at java.lang.UNIXProcess.<init>(UNIXProcess.java:164)
	at java.lang.ProcessImpl.start(ProcessImpl.java:81)
	at java.lang.ProcessBuilder.start(ProcessBuilder.java:468)
	... 17 more
2012-03-06 08:32:58,337 [main]           INFO  (btadmin.UnadvertiseTest  :35  ) - UnadvertiseTest::setUp
2012-03-06 08:32:58,337 [main]           DEBUG (conf.XMLParser           :144 ) - Configfile loaded before: /home/tom/projects/blacktie/btadmin/target/test-classes/btconfig.xml
2012-03-06 08:32:58,338 [main]           DEBUG (btadmin.CommandHandler   :139 ) - Command was known
2012-03-06 08:32:58,338 [main]           DEBUG (commands.Startup         :74  ) - Listing machines for: testsui
2012-03-06 08:32:58,338 [main]           INFO  (conf.Server              :51  ) - Checking for host: tomsfc16 or ip: 127.0.0.1
2012-03-06 08:32:58,338 [main]           DEBUG (conf.Server              :55  ) - Checking against: albany or ip: null
2012-03-06 08:32:58,338 [main]           DEBUG (conf.Server              :55  ) - Checking against: albany or ip: null
2012-03-06 08:32:58,338 [main]           DEBUG (conf.Server              :55  ) - Checking against: null or ip: 127.0.0.1
2012-03-06 08:32:58,339 [main]           DEBUG (conf.Server              :55  ) - Checking against: null or ip: 127.0.0.1
2012-03-06 08:32:58,339 [main]           DEBUG (conf.Server              :55  ) - Checking against: beacon or ip: null
2012-03-06 08:32:58,339 [main]           DEBUG (conf.Server              :55  ) - Checking against: beacon or ip: null
2012-03-06 08:32:58,339 [main]           DEBUG (conf.Server              :55  ) - Checking against: catskill or ip: null
2012-03-06 08:32:58,339 [main]           DEBUG (conf.Server              :55  ) - Checking against: catskill or ip: null
2012-03-06 08:32:58,339 [main]           DEBUG (conf.Server              :55  ) - Checking against: winxp08 or ip: null
2012-03-06 08:32:58,339 [main]           DEBUG (conf.Server              :55  ) - Checking against: winxp08 or ip: null
2012-03-06 08:32:58,339 [main]           DEBUG (conf.Server              :55  ) - Checking against: tarrytown or ip: null
2012-03-06 08:32:58,339 [main]           DEBUG (conf.Server              :55  ) - Checking against: tarrytown or ip: null
2012-03-06 08:32:58,340 [main]           DEBUG (conf.Server              :55  ) - Checking against: sol2 or ip: null
2012-03-06 08:32:58,340 [main]           DEBUG (conf.Server              :55  ) - Checking against: sol2 or ip: null
2012-03-06 08:32:58,340 [main]           DEBUG (conf.Server              :55  ) - Checking against: clance or ip: null
2012-03-06 08:32:58,340 [main]           DEBUG (conf.Server              :55  ) - Checking against: clance or ip: null
2012-03-06 08:32:58,340 [main]           DEBUG (conf.Server              :55  ) - Checking against: hoboken.buildnet.ncl.jboss.com or ip: null
2012-03-06 08:32:58,340 [main]           DEBUG (conf.Server              :55  ) - Checking against: hoboken.buildnet.ncl.jboss.com or ip: null
2012-03-06 08:32:58,340 [main]           DEBUG (conf.Server              :55  ) - Checking against: tenafly.buildnet.ncl.jboss.com or ip: null
2012-03-06 08:32:58,340 [main]           DEBUG (conf.Server              :55  ) - Checking against: tenafly.buildnet.ncl.jboss.com or ip: null
2012-03-06 08:32:58,340 [main]           DEBUG (conf.Server              :55  ) - Checking against: tom-2cfd36gb7up or ip: null
2012-03-06 08:32:58,341 [main]           DEBUG (conf.Server              :55  ) - Checking against: tom-2cfd36gb7up or ip: null
2012-03-06 08:32:58,341 [main]           DEBUG (commands.Startup         :88  ) - Found machine
2012-03-06 08:32:58,344 [main]           ERROR (commands.Startup         :124 ) - Could not launch the server
java.io.IOException: Cannot run program "../cs" (in directory "."): java.io.IOException: error=2, No such file or directory
	at java.lang.ProcessBuilder.start(ProcessBuilder.java:475)
	at java.lang.Runtime.exec(Runtime.java:610)
	at org.jboss.narayana.blacktie.btadmin.commands.Startup.invoke(Startup.java:102)
	at org.jboss.narayana.blacktie.btadmin.CommandHandler.handleCommand(CommandHandler.java:112)
	at org.jboss.narayana.blacktie.btadmin.UnadvertiseTest.setUp(UnadvertiseTest.java:38)
	at junit.framework.TestCase.runBare(TestCase.java:125)
	at junit.framework.TestResult$1.protect(TestResult.java:106)
	at junit.framework.TestResult.runProtected(TestResult.java:124)
	at junit.framework.TestResult.run(TestResult.java:109)
	at junit.framework.TestCase.run(TestCase.java:118)
	at junit.framework.TestSuite.runTest(TestSuite.java:208)
	at junit.framework.TestSuite.run(TestSuite.java:203)
	at org.eclipse.jdt.internal.junit.runner.junit3.JUnit3TestReference.run(JUnit3TestReference.java:130)
	at org.eclipse.jdt.internal.junit.runner.TestExecution.run(TestExecution.java:38)
	at org.eclipse.jdt.internal.junit.runner.RemoteTestRunner.runTests(RemoteTestRunner.java:467)
	at org.eclipse.jdt.internal.junit.runner.RemoteTestRunner.runTests(RemoteTestRunner.java:683)
	at org.eclipse.jdt.internal.junit.runner.RemoteTestRunner.run(RemoteTestRunner.java:390)
	at org.eclipse.jdt.internal.junit.runner.RemoteTestRunner.main(RemoteTestRunner.java:197)
Caused by: java.io.IOException: java.io.IOException: error=2, No such file or directory
	at java.lang.UNIXProcess.<init>(UNIXProcess.java:164)
	at java.lang.ProcessImpl.start(ProcessImpl.java:81)
	at java.lang.ProcessBuilder.start(ProcessBuilder.java:468)
	... 17 more
2012-03-06 08:32:58,347 [main]           INFO  (btadmin.UnadvertiseTest  :35  ) - UnadvertiseTest::setUp
2012-03-06 08:32:58,348 [main]           DEBUG (conf.XMLParser           :144 ) - Configfile loaded before: /home/tom/projects/blacktie/btadmin/target/test-classes/btconfig.xml
2012-03-06 08:32:58,348 [main]           DEBUG (btadmin.CommandHandler   :139 ) - Command was known
2012-03-06 08:32:58,348 [main]           DEBUG (commands.Startup         :74  ) - Listing machines for: testsui
2012-03-06 08:32:58,349 [main]           INFO  (conf.Server              :51  ) - Checking for host: tomsfc16 or ip: 127.0.0.1
2012-03-06 08:32:58,349 [main]           DEBUG (conf.Server              :55  ) - Checking against: albany or ip: null
2012-03-06 08:32:58,349 [main]           DEBUG (conf.Server              :55  ) - Checking against: albany or ip: null
2012-03-06 08:32:58,349 [main]           DEBUG (conf.Server              :55  ) - Checking against: null or ip: 127.0.0.1
2012-03-06 08:32:58,349 [main]           DEBUG (conf.Server              :55  ) - Checking against: null or ip: 127.0.0.1
2012-03-06 08:32:58,349 [main]           DEBUG (conf.Server              :55  ) - Checking against: beacon or ip: null
2012-03-06 08:32:58,350 [main]           DEBUG (conf.Server              :55  ) - Checking against: beacon or ip: null
2012-03-06 08:32:58,350 [main]           DEBUG (conf.Server              :55  ) - Checking against: catskill or ip: null
2012-03-06 08:32:58,350 [main]           DEBUG (conf.Server              :55  ) - Checking against: catskill or ip: null
2012-03-06 08:32:58,350 [main]           DEBUG (conf.Server              :55  ) - Checking against: winxp08 or ip: null
2012-03-06 08:32:58,350 [main]           DEBUG (conf.Server              :55  ) - Checking against: winxp08 or ip: null
2012-03-06 08:32:58,350 [main]           DEBUG (conf.Server              :55  ) - Checking against: tarrytown or ip: null
2012-03-06 08:32:58,350 [main]           DEBUG (conf.Server              :55  ) - Checking against: tarrytown or ip: null
2012-03-06 08:32:58,351 [main]           DEBUG (conf.Server              :55  ) - Checking against: sol2 or ip: null
2012-03-06 08:32:58,351 [main]           DEBUG (conf.Server              :55  ) - Checking against: sol2 or ip: null
2012-03-06 08:32:58,351 [main]           DEBUG (conf.Server              :55  ) - Checking against: clance or ip: null
2012-03-06 08:32:58,351 [main]           DEBUG (conf.Server              :55  ) - Checking against: clance or ip: null
2012-03-06 08:32:58,351 [main]           DEBUG (conf.Server              :55  ) - Checking against: hoboken.buildnet.ncl.jboss.com or ip: null
2012-03-06 08:32:58,351 [main]           DEBUG (conf.Server              :55  ) - Checking against: hoboken.buildnet.ncl.jboss.com or ip: null
2012-03-06 08:32:58,351 [main]           DEBUG (conf.Server              :55  ) - Checking against: tenafly.buildnet.ncl.jboss.com or ip: null
2012-03-06 08:32:58,351 [main]           DEBUG (conf.Server              :55  ) - Checking against: tenafly.buildnet.ncl.jboss.com or ip: null
2012-03-06 08:32:58,352 [main]           DEBUG (conf.Server              :55  ) - Checking against: tom-2cfd36gb7up or ip: null
2012-03-06 08:32:58,352 [main]           DEBUG (conf.Server              :55  ) - Checking against: tom-2cfd36gb7up or ip: null
2012-03-06 08:32:58,352 [main]           DEBUG (commands.Startup         :88  ) - Found machine
2012-03-06 08:32:58,354 [main]           ERROR (commands.Startup         :124 ) - Could not launch the server
java.io.IOException: Cannot run program "../cs" (in directory "."): java.io.IOException: error=2, No such file or directory
	at java.lang.ProcessBuilder.start(ProcessBuilder.java:475)
	at java.lang.Runtime.exec(Runtime.java:610)
	at org.jboss.narayana.blacktie.btadmin.commands.Startup.invoke(Startup.java:102)
	at org.jboss.narayana.blacktie.btadmin.CommandHandler.handleCommand(CommandHandler.java:112)
	at org.jboss.narayana.blacktie.btadmin.UnadvertiseTest.setUp(UnadvertiseTest.java:38)
	at junit.framework.TestCase.runBare(TestCase.java:125)
	at junit.framework.TestResult$1.protect(TestResult.java:106)
	at junit.framework.TestResult.runProtected(TestResult.java:124)
	at junit.framework.TestResult.run(TestResult.java:109)
	at junit.framework.TestCase.run(TestCase.java:118)
	at junit.framework.TestSuite.runTest(TestSuite.java:208)
	at junit.framework.TestSuite.run(TestSuite.java:203)
	at org.eclipse.jdt.internal.junit.runner.junit3.JUnit3TestReference.run(JUnit3TestReference.java:130)
	at org.eclipse.jdt.internal.junit.runner.TestExecution.run(TestExecution.java:38)
	at org.eclipse.jdt.internal.junit.runner.RemoteTestRunner.runTests(RemoteTestRunner.java:467)
	at org.eclipse.jdt.internal.junit.runner.RemoteTestRunner.runTests(RemoteTestRunner.java:683)
	at org.eclipse.jdt.internal.junit.runner.RemoteTestRunner.run(RemoteTestRunner.java:390)
	at org.eclipse.jdt.internal.junit.runner.RemoteTestRunner.main(RemoteTestRunner.java:197)
Caused by: java.io.IOException: java.io.IOException: error=2, No such file or directory
	at java.lang.UNIXProcess.<init>(UNIXProcess.java:164)
	at java.lang.ProcessImpl.start(ProcessImpl.java:81)
	at java.lang.ProcessBuilder.start(ProcessBuilder.java:468)
	... 17 more
2012-03-06 08:32:58,356 [main]           INFO  (btadmin.UnadvertiseTest  :35  ) - UnadvertiseTest::setUp
2012-03-06 08:32:58,356 [main]           DEBUG (conf.XMLParser           :144 ) - Configfile loaded before: /home/tom/projects/blacktie/btadmin/target/test-classes/btconfig.xml
2012-03-06 08:32:58,357 [main]           DEBUG (btadmin.CommandHandler   :139 ) - Command was known
2012-03-06 08:32:58,357 [main]           DEBUG (commands.Startup         :74  ) - Listing machines for: testsui
2012-03-06 08:32:58,357 [main]           INFO  (conf.Server              :51  ) - Checking for host: tomsfc16 or ip: 127.0.0.1
2012-03-06 08:32:58,357 [main]           DEBUG (conf.Server              :55  ) - Checking against: albany or ip: null
2012-03-06 08:32:58,357 [main]           DEBUG (conf.Server              :55  ) - Checking against: albany or ip: null
2012-03-06 08:32:58,357 [main]           DEBUG (conf.Server              :55  ) - Checking against: null or ip: 127.0.0.1
2012-03-06 08:32:58,357 [main]           DEBUG (conf.Server              :55  ) - Checking against: null or ip: 127.0.0.1
2012-03-06 08:32:58,357 [main]           DEBUG (conf.Server              :55  ) - Checking against: beacon or ip: null
2012-03-06 08:32:58,358 [main]           DEBUG (conf.Server              :55  ) - Checking against: beacon or ip: null
2012-03-06 08:32:58,358 [main]           DEBUG (conf.Server              :55  ) - Checking against: catskill or ip: null
2012-03-06 08:32:58,358 [main]           DEBUG (conf.Server              :55  ) - Checking against: catskill or ip: null
2012-03-06 08:32:58,358 [main]           DEBUG (conf.Server              :55  ) - Checking against: winxp08 or ip: null
2012-03-06 08:32:58,358 [main]           DEBUG (conf.Server              :55  ) - Checking against: winxp08 or ip: null
2012-03-06 08:32:58,358 [main]           DEBUG (conf.Server              :55  ) - Checking against: tarrytown or ip: null
2012-03-06 08:32:58,358 [main]           DEBUG (conf.Server              :55  ) - Checking against: tarrytown or ip: null
2012-03-06 08:32:58,358 [main]           DEBUG (conf.Server              :55  ) - Checking against: sol2 or ip: null
2012-03-06 08:32:58,358 [main]           DEBUG (conf.Server              :55  ) - Checking against: sol2 or ip: null
2012-03-06 08:32:58,358 [main]           DEBUG (conf.Server              :55  ) - Checking against: clance or ip: null
2012-03-06 08:32:58,358 [main]           DEBUG (conf.Server              :55  ) - Checking against: clance or ip: null
2012-03-06 08:32:58,358 [main]           DEBUG (conf.Server              :55  ) - Checking against: hoboken.buildnet.ncl.jboss.com or ip: null
2012-03-06 08:32:58,359 [main]           DEBUG (conf.Server              :55  ) - Checking against: hoboken.buildnet.ncl.jboss.com or ip: null
2012-03-06 08:32:58,359 [main]           DEBUG (conf.Server              :55  ) - Checking against: tenafly.buildnet.ncl.jboss.com or ip: null
2012-03-06 08:32:58,359 [main]           DEBUG (conf.Server              :55  ) - Checking against: tenafly.buildnet.ncl.jboss.com or ip: null
2012-03-06 08:32:58,359 [main]           DEBUG (conf.Server              :55  ) - Checking against: tom-2cfd36gb7up or ip: null
2012-03-06 08:32:58,359 [main]           DEBUG (conf.Server              :55  ) - Checking against: tom-2cfd36gb7up or ip: null
2012-03-06 08:32:58,359 [main]           DEBUG (commands.Startup         :88  ) - Found machine
2012-03-06 08:32:58,362 [main]           ERROR (commands.Startup         :124 ) - Could not launch the server
java.io.IOException: Cannot run program "../cs" (in directory "."): java.io.IOException: error=2, No such file or directory
	at java.lang.ProcessBuilder.start(ProcessBuilder.java:475)
	at java.lang.Runtime.exec(Runtime.java:610)
	at org.jboss.narayana.blacktie.btadmin.commands.Startup.invoke(Startup.java:102)
	at org.jboss.narayana.blacktie.btadmin.CommandHandler.handleCommand(CommandHandler.java:112)
	at org.jboss.narayana.blacktie.btadmin.UnadvertiseTest.setUp(UnadvertiseTest.java:38)
	at junit.framework.TestCase.runBare(TestCase.java:125)
	at junit.framework.TestResult$1.protect(TestResult.java:106)
	at junit.framework.TestResult.runProtected(TestResult.java:124)
	at junit.framework.TestResult.run(TestResult.java:109)
	at junit.framework.TestCase.run(TestCase.java:118)
	at junit.framework.TestSuite.runTest(TestSuite.java:208)
	at junit.framework.TestSuite.run(TestSuite.java:203)
	at org.eclipse.jdt.internal.junit.runner.junit3.JUnit3TestReference.run(JUnit3TestReference.java:130)
	at org.eclipse.jdt.internal.junit.runner.TestExecution.run(TestExecution.java:38)
	at org.eclipse.jdt.internal.junit.runner.RemoteTestRunner.runTests(RemoteTestRunner.java:467)
	at org.eclipse.jdt.internal.junit.runner.RemoteTestRunner.runTests(RemoteTestRunner.java:683)
	at org.eclipse.jdt.internal.junit.runner.RemoteTestRunner.run(RemoteTestRunner.java:390)
	at org.eclipse.jdt.internal.junit.runner.RemoteTestRunner.main(RemoteTestRunner.java:197)
Caused by: java.io.IOException: java.io.IOException: error=2, No such file or directory
	at java.lang.UNIXProcess.<init>(UNIXProcess.java:164)
	at java.lang.ProcessImpl.start(ProcessImpl.java:81)
	at java.lang.ProcessBuilder.start(ProcessBuilder.java:468)
	... 17 more
2012-03-06 08:32:58,364 [main]           INFO  (btadmin.UnadvertiseTest  :35  ) - UnadvertiseTest::setUp
2012-03-06 08:32:58,365 [main]           DEBUG (conf.XMLParser           :144 ) - Configfile loaded before: /home/tom/projects/blacktie/btadmin/target/test-classes/btconfig.xml
2012-03-06 08:32:58,365 [main]           DEBUG (btadmin.CommandHandler   :139 ) - Command was known
2012-03-06 08:32:58,365 [main]           DEBUG (commands.Startup         :74  ) - Listing machines for: testsui
2012-03-06 08:32:58,366 [main]           INFO  (conf.Server              :51  ) - Checking for host: tomsfc16 or ip: 127.0.0.1
2012-03-06 08:32:58,366 [main]           DEBUG (conf.Server              :55  ) - Checking against: albany or ip: null
2012-03-06 08:32:58,366 [main]           DEBUG (conf.Server              :55  ) - Checking against: albany or ip: null
2012-03-06 08:32:58,366 [main]           DEBUG (conf.Server              :55  ) - Checking against: null or ip: 127.0.0.1
2012-03-06 08:32:58,366 [main]           DEBUG (conf.Server              :55  ) - Checking against: null or ip: 127.0.0.1
2012-03-06 08:32:58,366 [main]           DEBUG (conf.Server              :55  ) - Checking against: beacon or ip: null
2012-03-06 08:32:58,366 [main]           DEBUG (conf.Server              :55  ) - Checking against: beacon or ip: null
2012-03-06 08:32:58,366 [main]           DEBUG (conf.Server              :55  ) - Checking against: catskill or ip: null
2012-03-06 08:32:58,367 [main]           DEBUG (conf.Server              :55  ) - Checking against: catskill or ip: null
2012-03-06 08:32:58,367 [main]           DEBUG (conf.Server              :55  ) - Checking against: winxp08 or ip: null
2012-03-06 08:32:58,367 [main]           DEBUG (conf.Server              :55  ) - Checking against: winxp08 or ip: null
2012-03-06 08:32:58,367 [main]           DEBUG (conf.Server              :55  ) - Checking against: tarrytown or ip: null
2012-03-06 08:32:58,368 [main]           DEBUG (conf.Server              :55  ) - Checking against: tarrytown or ip: null
2012-03-06 08:32:58,368 [main]           DEBUG (conf.Server              :55  ) - Checking against: sol2 or ip: null
2012-03-06 08:32:58,368 [main]           DEBUG (conf.Server              :55  ) - Checking against: sol2 or ip: null
2012-03-06 08:32:58,368 [main]           DEBUG (conf.Server              :55  ) - Checking against: clance or ip: null
2012-03-06 08:32:58,368 [main]           DEBUG (conf.Server              :55  ) - Checking against: clance or ip: null
2012-03-06 08:32:58,369 [main]           DEBUG (conf.Server              :55  ) - Checking against: hoboken.buildnet.ncl.jboss.com or ip: null
2012-03-06 08:32:58,369 [main]           DEBUG (conf.Server              :55  ) - Checking against: hoboken.buildnet.ncl.jboss.com or ip: null
2012-03-06 08:32:58,369 [main]           DEBUG (conf.Server              :55  ) - Checking against: tenafly.buildnet.ncl.jboss.com or ip: null
2012-03-06 08:32:58,369 [main]           DEBUG (conf.Server              :55  ) - Checking against: tenafly.buildnet.ncl.jboss.com or ip: null
2012-03-06 08:32:58,369 [main]           DEBUG (conf.Server              :55  ) - Checking against: tom-2cfd36gb7up or ip: null
2012-03-06 08:32:58,370 [main]           DEBUG (conf.Server              :55  ) - Checking against: tom-2cfd36gb7up or ip: null
2012-03-06 08:32:58,370 [main]           DEBUG (commands.Startup         :88  ) - Found machine
2012-03-06 08:32:58,373 [main]           ERROR (commands.Startup         :124 ) - Could not launch the server
java.io.IOException: Cannot run program "../cs" (in directory "."): java.io.IOException: error=2, No such file or directory
	at java.lang.ProcessBuilder.start(ProcessBuilder.java:475)
	at java.lang.Runtime.exec(Runtime.java:610)
	at org.jboss.narayana.blacktie.btadmin.commands.Startup.invoke(Startup.java:102)
	at org.jboss.narayana.blacktie.btadmin.CommandHandler.handleCommand(CommandHandler.java:112)
	at org.jboss.narayana.blacktie.btadmin.UnadvertiseTest.setUp(UnadvertiseTest.java:38)
	at junit.framework.TestCase.runBare(TestCase.java:125)
	at junit.framework.TestResult$1.protect(TestResult.java:106)
	at junit.framework.TestResult.runProtected(TestResult.java:124)
	at junit.framework.TestResult.run(TestResult.java:109)
	at junit.framework.TestCase.run(TestCase.java:118)
	at junit.framework.TestSuite.runTest(TestSuite.java:208)
	at junit.framework.TestSuite.run(TestSuite.java:203)
	at org.eclipse.jdt.internal.junit.runner.junit3.JUnit3TestReference.run(JUnit3TestReference.java:130)
	at org.eclipse.jdt.internal.junit.runner.TestExecution.run(TestExecution.java:38)
	at org.eclipse.jdt.internal.junit.runner.RemoteTestRunner.runTests(RemoteTestRunner.java:467)
	at org.eclipse.jdt.internal.junit.runner.RemoteTestRunner.runTests(RemoteTestRunner.java:683)
	at org.eclipse.jdt.internal.junit.runner.RemoteTestRunner.run(RemoteTestRunner.java:390)
	at org.eclipse.jdt.internal.junit.runner.RemoteTestRunner.main(RemoteTestRunner.java:197)
Caused by: java.io.IOException: java.io.IOException: error=2, No such file or directory
	at java.lang.UNIXProcess.<init>(UNIXProcess.java:164)
	at java.lang.ProcessImpl.start(ProcessImpl.java:81)
	at java.lang.ProcessBuilder.start(ProcessBuilder.java:468)
	... 17 more
